2019/05/20 16:19:25 [release] Leaf 1.1.3 starting up
2019/05/20 16:19:44 [debug  ] login uid 61
2019/05/20 16:19:44 [debug  ] login gid 0
2019/05/20 16:19:44 [debug  ] rpcJoinGroup &{0xc0001d00c0 0xc000124120 <nil>}
2019/05/20 16:19:44 [debug  ] gamerpcNewAgent map[61:0xc0001ca210]
2019/05/20 16:19:58 [release] request%!(EXTRA *msg.User=&{61 用户61 0  0  {"x":207.4,"r":1} })
2019/05/20 16:19:58 [debug  ] handleAction &{leaf {"x":207.4,"r":1}}
2019/05/20 16:19:58 [debug  ] handleAction uids map[61:0xc0001ca210]
2019/05/20 16:19:58 [release] group %!(EXTRA int=0)
2019/05/20 16:19:58 [release] request%!(EXTRA *msg.User=&{61 用户61 0  0  {"x":210.6,"r":2} })
2019/05/20 16:19:58 [debug  ] handleAction &{leaf {"x":210.6,"r":2}}
2019/05/20 16:19:58 [debug  ] handleAction uids map[61:0xc0001ca210]
2019/05/20 16:19:58 [release] group %!(EXTRA int=1)
2019/05/20 16:19:58 [release] request%!(EXTRA *msg.User=&{61 用户61 0  0  {"x":214,"r":3} })
2019/05/20 16:19:58 [debug  ] handleAction &{leaf {"x":214,"r":3}}
2019/05/20 16:19:58 [debug  ] handleAction uids map[61:0xc0001ca210]
2019/05/20 16:19:58 [release] group %!(EXTRA int=1)
2019/05/20 16:19:58 [release] request%!(EXTRA *msg.User=&{61 用户61 0  0  {"x":217.2,"r":4} })
2019/05/20 16:19:58 [debug  ] handleAction &{leaf {"x":217.2,"r":4}}
2019/05/20 16:19:58 [debug  ] handleAction uids map[61:0xc0001ca210]
2019/05/20 16:19:58 [release] group %!(EXTRA int=1)
2019/05/20 16:19:58 [release] request%!(EXTRA *msg.User=&{61 用户61 0  0  {"x":220.6,"r":5} })
2019/05/20 16:19:58 [debug  ] handleAction &{leaf {"x":220.6,"r":5}}
2019/05/20 16:19:58 [debug  ] handleAction uids map[61:0xc0001ca210]
2019/05/20 16:19:58 [release] group %!(EXTRA int=1)
2019/05/20 16:19:58 [release] request%!(EXTRA *msg.User=&{61 用户61 0  0  {"x":223.79999999999998,"r":6} })
2019/05/20 16:19:58 [debug  ] handleAction &{leaf {"x":223.79999999999998,"r":6}}
2019/05/20 16:19:58 [debug  ] handleAction uids map[61:0xc0001ca210]
2019/05/20 16:19:58 [release] group %!(EXTRA int=1)
2019/05/20 16:19:58 [release] request%!(EXTRA *msg.User=&{61 用户61 0  0  {"x":226.99999999999997,"r":7} })
2019/05/20 16:19:58 [debug  ] handleAction &{leaf {"x":226.99999999999997,"r":7}}
2019/05/20 16:19:58 [debug  ] handleAction uids map[61:0xc0001ca210]
2019/05/20 16:19:58 [release] group %!(EXTRA int=1)
2019/05/20 16:19:58 [release] request%!(EXTRA *msg.User=&{61 用户61 0  0  {"x":230.39999999999998,"r":8} })
2019/05/20 16:19:58 [debug  ] handleAction &{leaf {"x":230.39999999999998,"r":8}}
2019/05/20 16:19:58 [debug  ] handleAction uids map[61:0xc0001ca210]
2019/05/20 16:19:58 [release] group %!(EXTRA int=1)
2019/05/20 16:19:58 [release] request%!(EXTRA *msg.User=&{61 用户61 0  0  {"x":233.79999999999998,"r":9} })
2019/05/20 16:19:58 [debug  ] handleAction &{leaf {"x":233.79999999999998,"r":9}}
2019/05/20 16:19:58 [debug  ] handleAction uids map[61:0xc0001ca210]
2019/05/20 16:19:58 [release] group %!(EXTRA int=1)
2019/05/20 16:19:58 [release] request%!(EXTRA *msg.User=&{61 用户61 0  0  {"x":237.39999999999998,"r":10} })
2019/05/20 16:19:58 [debug  ] handleAction &{leaf {"x":237.39999999999998,"r":10}}
2019/05/20 16:19:58 [debug  ] handleAction uids map[61:0xc0001ca210]
2019/05/20 16:19:58 [release] group %!(EXTRA int=1)
2019/05/20 16:19:58 [release] request%!(EXTRA *msg.User=&{61 用户61 0  0  {"x":240.39999999999998,"r":11} })
2019/05/20 16:19:58 [debug  ] handleAction &{leaf {"x":240.39999999999998,"r":11}}
2019/05/20 16:19:58 [debug  ] handleAction uids map[61:0xc0001ca210]
2019/05/20 16:19:58 [release] group %!(EXTRA int=1)
2019/05/20 16:19:58 [release] request%!(EXTRA *msg.User=&{61 用户61 0  0  {"x":243.59999999999997,"r":12} })
2019/05/20 16:19:58 [debug  ] handleAction &{leaf {"x":243.59999999999997,"r":12}}
2019/05/20 16:19:58 [debug  ] handleAction uids map[61:0xc0001ca210]
2019/05/20 16:19:58 [release] group %!(EXTRA int=1)
2019/05/20 16:19:58 [release] request%!(EXTRA *msg.User=&{61 用户61 0  0  {"x":247.19999999999996,"r":13} })
2019/05/20 16:19:58 [debug  ] handleAction &{leaf {"x":247.19999999999996,"r":13}}
2019/05/20 16:19:58 [debug  ] handleAction uids map[61:0xc0001ca210]
2019/05/20 16:19:58 [release] group %!(EXTRA int=1)
2019/05/20 16:19:58 [release] request%!(EXTRA *msg.User=&{61 用户61 0  0  {"x":250.39999999999995,"r":14} })
2019/05/20 16:19:58 [debug  ] handleAction &{leaf {"x":250.39999999999995,"r":14}}
2019/05/20 16:19:58 [debug  ] handleAction uids map[61:0xc0001ca210]
2019/05/20 16:19:58 [release] group %!(EXTRA int=1)
2019/05/20 16:19:58 [release] request%!(EXTRA *msg.User=&{61 用户61 0  0  {"x":253.59999999999994,"r":15} })
2019/05/20 16:19:58 [debug  ] handleAction &{leaf {"x":253.59999999999994,"r":15}}
2019/05/20 16:19:58 [debug  ] handleAction uids map[61:0xc0001ca210]
2019/05/20 16:19:58 [release] group %!(EXTRA int=1)
2019/05/20 16:19:58 [release] request%!(EXTRA *msg.User=&{61 用户61 0  0  {"x":257.19999999999993,"r":16} })
2019/05/20 16:19:58 [debug  ] handleAction &{leaf {"x":257.19999999999993,"r":16}}
2019/05/20 16:19:58 [debug  ] handleAction uids map[61:0xc0001ca210]
2019/05/20 16:19:58 [release] group %!(EXTRA int=1)
2019/05/20 16:19:58 [release] request%!(EXTRA *msg.User=&{61 用户61 0  0  {"x":260.5999999999999,"r":17} })
2019/05/20 16:19:58 [debug  ] handleAction &{leaf {"x":260.5999999999999,"r":17}}
2019/05/20 16:19:58 [debug  ] handleAction uids map[61:0xc0001ca210]
2019/05/20 16:19:58 [release] group %!(EXTRA int=1)
2019/05/20 16:19:58 [release] request%!(EXTRA *msg.User=&{61 用户61 0  0  {"x":263.5999999999999,"r":18} })
2019/05/20 16:19:58 [debug  ] handleAction &{leaf {"x":263.5999999999999,"r":18}}
2019/05/20 16:19:58 [debug  ] handleAction uids map[61:0xc0001ca210]
2019/05/20 16:19:58 [release] group %!(EXTRA int=1)
2019/05/20 16:19:58 [release] request%!(EXTRA *msg.User=&{61 用户61 0  0  {"x":267.19999999999993,"r":19} })
2019/05/20 16:19:58 [debug  ] handleAction &{leaf {"x":267.19999999999993,"r":19}}
2019/05/20 16:19:58 [debug  ] handleAction uids map[61:0xc0001ca210]
2019/05/20 16:19:58 [release] group %!(EXTRA int=1)
2019/05/20 16:19:58 [release] request%!(EXTRA *msg.User=&{61 用户61 0  0  {"x":270.5999999999999,"r":20} })
2019/05/20 16:19:58 [debug  ] handleAction &{leaf {"x":270.5999999999999,"r":20}}
2019/05/20 16:19:58 [debug  ] handleAction uids map[61:0xc0001ca210]
2019/05/20 16:19:58 [release] group %!(EXTRA int=1)
2019/05/20 16:19:58 [release] request%!(EXTRA *msg.User=&{61 用户61 0  0  {"x":273.5999999999999,"r":21} })
2019/05/20 16:19:58 [debug  ] handleAction &{leaf {"x":273.5999999999999,"r":21}}
2019/05/20 16:19:58 [debug  ] handleAction uids map[61:0xc0001ca210]
2019/05/20 16:19:58 [release] group %!(EXTRA int=1)
2019/05/20 16:19:58 [release] request%!(EXTRA *msg.User=&{61 用户61 0  0  {"x":277.19999999999993,"r":22} })
2019/05/20 16:19:58 [debug  ] handleAction &{leaf {"x":277.19999999999993,"r":22}}
2019/05/20 16:19:58 [debug  ] handleAction uids map[61:0xc0001ca210]
2019/05/20 16:19:58 [release] group %!(EXTRA int=1)
2019/05/20 16:19:58 [release] request%!(EXTRA *msg.User=&{61 用户61 0  0  {"x":280.3999999999999,"r":23} })
2019/05/20 16:19:58 [debug  ] handleAction &{leaf {"x":280.3999999999999,"r":23}}
2019/05/20 16:19:58 [debug  ] handleAction uids map[61:0xc0001ca210]
2019/05/20 16:19:58 [release] group %!(EXTRA int=1)
2019/05/20 16:19:58 [release] request%!(EXTRA *msg.User=&{61 用户61 0  0  {"x":283.7999999999999,"r":24} })
2019/05/20 16:19:58 [debug  ] handleAction &{leaf {"x":283.7999999999999,"r":24}}
2019/05/20 16:19:58 [debug  ] handleAction uids map[61:0xc0001ca210]
2019/05/20 16:19:58 [release] group %!(EXTRA int=1)
2019/05/20 16:19:58 [release] request%!(EXTRA *msg.User=&{61 用户61 0  0  {"x":287.1999999999999,"r":25} })
2019/05/20 16:19:58 [debug  ] handleAction &{leaf {"x":287.1999999999999,"r":25}}
2019/05/20 16:19:58 [debug  ] handleAction uids map[61:0xc0001ca210]
2019/05/20 16:19:58 [release] group %!(EXTRA int=1)
2019/05/20 16:19:58 [release] request%!(EXTRA *msg.User=&{61 用户61 0  0  {"x":290.39999999999986,"r":26} })
2019/05/20 16:19:58 [debug  ] handleAction &{leaf {"x":290.39999999999986,"r":26}}
2019/05/20 16:19:58 [debug  ] handleAction uids map[61:0xc0001ca210]
2019/05/20 16:19:58 [release] group %!(EXTRA int=1)
2019/05/20 16:19:59 [release] request%!(EXTRA *msg.User=&{61 用户61 0  0  {"x":293.79999999999984,"r":27} })
2019/05/20 16:19:59 [debug  ] handleAction &{leaf {"x":293.79999999999984,"r":27}}
2019/05/20 16:19:59 [debug  ] handleAction uids map[61:0xc0001ca210]
2019/05/20 16:19:59 [release] group %!(EXTRA int=1)
2019/05/20 16:19:59 [release] request%!(EXTRA *msg.User=&{61 用户61 0  0  {"x":297.39999999999986,"r":28} })
2019/05/20 16:19:59 [debug  ] handleAction &{leaf {"x":297.39999999999986,"r":28}}
2019/05/20 16:19:59 [debug  ] handleAction uids map[61:0xc0001ca210]
2019/05/20 16:19:59 [release] group %!(EXTRA int=1)
2019/05/20 16:19:59 [release] request%!(EXTRA *msg.User=&{61 用户61 0  0  {"x":300.59999999999985,"r":29} })
2019/05/20 16:19:59 [debug  ] handleAction &{leaf {"x":300.59999999999985,"r":29}}
2019/05/20 16:19:59 [debug  ] handleAction uids map[61:0xc0001ca210]
2019/05/20 16:19:59 [release] group %!(EXTRA int=1)
2019/05/20 16:19:59 [release] request%!(EXTRA *msg.User=&{61 用户61 0  0  {"x":303.59999999999985,"r":30} })
2019/05/20 16:19:59 [debug  ] handleAction &{leaf {"x":303.59999999999985,"r":30}}
2019/05/20 16:19:59 [debug  ] handleAction uids map[61:0xc0001ca210]
2019/05/20 16:19:59 [release] group %!(EXTRA int=1)
2019/05/20 16:19:59 [release] request%!(EXTRA *msg.User=&{61 用户61 0  0  {"x":307.1999999999999,"r":31} })
2019/05/20 16:19:59 [debug  ] handleAction &{leaf {"x":307.1999999999999,"r":31}}
2019/05/20 16:19:59 [debug  ] handleAction uids map[61:0xc0001ca210]
2019/05/20 16:19:59 [release] group %!(EXTRA int=1)
2019/05/20 16:19:59 [release] request%!(EXTRA *msg.User=&{61 用户61 0  0  {"x":310.39999999999986,"r":32} })
2019/05/20 16:19:59 [debug  ] handleAction &{leaf {"x":310.39999999999986,"r":32}}
2019/05/20 16:19:59 [debug  ] handleAction uids map[61:0xc0001ca210]
2019/05/20 16:19:59 [release] group %!(EXTRA int=1)
2019/05/20 16:19:59 [release] request%!(EXTRA *msg.User=&{61 用户61 0  0  {"x":313.79999999999984,"r":33} })
2019/05/20 16:19:59 [debug  ] handleAction &{leaf {"x":313.79999999999984,"r":33}}
2019/05/20 16:19:59 [debug  ] handleAction uids map[61:0xc0001ca210]
2019/05/20 16:19:59 [release] group %!(EXTRA int=1)
2019/05/20 16:19:59 [release] request%!(EXTRA *msg.User=&{61 用户61 0  0  {"x":317.1999999999998,"r":34} })
2019/05/20 16:19:59 [debug  ] handleAction &{leaf {"x":317.1999999999998,"r":34}}
2019/05/20 16:19:59 [debug  ] handleAction uids map[61:0xc0001ca210]
2019/05/20 16:19:59 [release] group %!(EXTRA int=1)
2019/05/20 16:19:59 [release] request%!(EXTRA *msg.User=&{61 用户61 0  0  {"x":320.3999999999998,"r":35} })
2019/05/20 16:19:59 [debug  ] handleAction &{leaf {"x":320.3999999999998,"r":35}}
2019/05/20 16:19:59 [debug  ] handleAction uids map[61:0xc0001ca210]
2019/05/20 16:19:59 [release] group %!(EXTRA int=1)
2019/05/20 16:19:59 [release] request%!(EXTRA *msg.User=&{61 用户61 0  0  {"x":323.99999999999983,"r":36} })
2019/05/20 16:19:59 [debug  ] handleAction &{leaf {"x":323.99999999999983,"r":36}}
2019/05/20 16:19:59 [debug  ] handleAction uids map[61:0xc0001ca210]
2019/05/20 16:19:59 [release] group %!(EXTRA int=1)
2019/05/20 16:19:59 [release] request%!(EXTRA *msg.User=&{61 用户61 0  0  {"x":327.1999999999998,"r":37} })
2019/05/20 16:19:59 [debug  ] handleAction &{leaf {"x":327.1999999999998,"r":37}}
2019/05/20 16:19:59 [debug  ] handleAction uids map[61:0xc0001ca210]
2019/05/20 16:19:59 [release] group %!(EXTRA int=1)
2019/05/20 16:19:59 [release] {"61":{"Uid":61,"Username":"用户61","Rid":0,"Token":"","Gid":0,"Action":"","Position":"{\"x\":327.1999999999998,\"r\":37}","Direction":""}}
2019/05/20 16:20:00 [release] {"61":{"Uid":61,"Username":"用户61","Rid":0,"Token":"","Gid":0,"Action":"","Position":"{\"x\":327.1999999999998,\"r\":37}","Direction":""}}
2019/05/20 16:20:01 [release] {"61":{"Uid":61,"Username":"用户61","Rid":0,"Token":"","Gid":0,"Action":"","Position":"{\"x\":327.1999999999998,\"r\":37}","Direction":""}}
2019/05/20 16:20:02 [release] {"61":{"Uid":61,"Username":"用户61","Rid":0,"Token":"","Gid":0,"Action":"","Position":"{\"x\":327.1999999999998,\"r\":37}","Direction":""}}
2019/05/20 16:20:03 [release] {"61":{"Uid":61,"Username":"用户61","Rid":0,"Token":"","Gid":0,"Action":"","Position":"{\"x\":327.1999999999998,\"r\":37}","Direction":""}}
2019/05/20 16:20:04 [release] {"61":{"Uid":61,"Username":"用户61","Rid":0,"Token":"","Gid":0,"Action":"","Position":"{\"x\":327.1999999999998,\"r\":37}","Direction":""}}
2019/05/20 16:20:05 [release] {"61":{"Uid":61,"Username":"用户61","Rid":0,"Token":"","Gid":0,"Action":"","Position":"{\"x\":327.1999999999998,\"r\":37}","Direction":""}}
2019/05/20 16:20:06 [release] {"61":{"Uid":61,"Username":"用户61","Rid":0,"Token":"","Gid":0,"Action":"","Position":"{\"x\":327.1999999999998,\"r\":37}","Direction":""}}
2019/05/20 16:20:07 [release] {"61":{"Uid":61,"Username":"用户61","Rid":0,"Token":"","Gid":0,"Action":"","Position":"{\"x\":327.1999999999998,\"r\":37}","Direction":""}}
2019/05/20 16:20:08 [release] {"61":{"Uid":61,"Username":"用户61","Rid":0,"Token":"","Gid":0,"Action":"","Position":"{\"x\":327.1999999999998,\"r\":37}","Direction":""}}
2019/05/20 16:20:09 [release] {"61":{"Uid":61,"Username":"用户61","Rid":0,"Token":"","Gid":0,"Action":"","Position":"{\"x\":327.1999999999998,\"r\":37}","Direction":""}}
2019/05/20 16:20:10 [release] {"61":{"Uid":61,"Username":"用户61","Rid":0,"Token":"","Gid":0,"Action":"","Position":"{\"x\":327.1999999999998,\"r\":37}","Direction":""}}
2019/05/20 16:20:11 [release] {"61":{"Uid":61,"Username":"用户61","Rid":0,"Token":"","Gid":0,"Action":"","Position":"{\"x\":327.1999999999998,\"r\":37}","Direction":""}}
2019/05/20 16:20:12 [release] {"61":{"Uid":61,"Username":"用户61","Rid":0,"Token":"","Gid":0,"Action":"","Position":"{\"x\":327.1999999999998,\"r\":37}","Direction":""}}
2019/05/20 16:20:13 [release] {"61":{"Uid":61,"Username":"用户61","Rid":0,"Token":"","Gid":0,"Action":"","Position":"{\"x\":327.1999999999998,\"r\":37}","Direction":""}}
2019/05/20 16:20:14 [release] {"61":{"Uid":61,"Username":"用户61","Rid":0,"Token":"","Gid":0,"Action":"","Position":"{\"x\":327.1999999999998,\"r\":37}","Direction":""}}
2019/05/20 16:20:15 [release] {"61":{"Uid":61,"Username":"用户61","Rid":0,"Token":"","Gid":0,"Action":"","Position":"{\"x\":327.1999999999998,\"r\":37}","Direction":""}}
2019/05/20 16:20:16 [release] {"61":{"Uid":61,"Username":"用户61","Rid":0,"Token":"","Gid":0,"Action":"","Position":"{\"x\":327.1999999999998,\"r\":37}","Direction":""}}
2019/05/20 16:20:17 [release] {"61":{"Uid":61,"Username":"用户61","Rid":0,"Token":"","Gid":0,"Action":"","Position":"{\"x\":327.1999999999998,\"r\":37}","Direction":""}}
2019/05/20 16:20:18 [release] {"61":{"Uid":61,"Username":"用户61","Rid":0,"Token":"","Gid":0,"Action":"","Position":"{\"x\":327.1999999999998,\"r\":37}","Direction":""}}
2019/05/20 16:20:19 [release] {"61":{"Uid":61,"Username":"用户61","Rid":0,"Token":"","Gid":0,"Action":"","Position":"{\"x\":327.1999999999998,\"r\":37}","Direction":""}}
2019/05/20 16:20:20 [release] {"61":{"Uid":61,"Username":"用户61","Rid":0,"Token":"","Gid":0,"Action":"","Position":"{\"x\":327.1999999999998,\"r\":37}","Direction":""}}
2019/05/20 16:20:21 [release] {"61":{"Uid":61,"Username":"用户61","Rid":0,"Token":"","Gid":0,"Action":"","Position":"{\"x\":327.1999999999998,\"r\":37}","Direction":""}}
2019/05/20 16:20:22 [release] {"61":{"Uid":61,"Username":"用户61","Rid":0,"Token":"","Gid":0,"Action":"","Position":"{\"x\":327.1999999999998,\"r\":37}","Direction":""}}
2019/05/20 16:20:23 [release] {"61":{"Uid":61,"Username":"用户61","Rid":0,"Token":"","Gid":0,"Action":"","Position":"{\"x\":327.1999999999998,\"r\":37}","Direction":""}}
2019/05/20 16:20:24 [release] {"61":{"Uid":61,"Username":"用户61","Rid":0,"Token":"","Gid":0,"Action":"","Position":"{\"x\":327.1999999999998,\"r\":37}","Direction":""}}
2019/05/20 16:20:25 [release] {"61":{"Uid":61,"Username":"用户61","Rid":0,"Token":"","Gid":0,"Action":"","Position":"{\"x\":327.1999999999998,\"r\":37}","Direction":""}}
2019/05/20 16:20:26 [release] {"61":{"Uid":61,"Username":"用户61","Rid":0,"Token":"","Gid":0,"Action":"","Position":"{\"x\":327.1999999999998,\"r\":37}","Direction":""}}
2019/05/20 16:20:27 [release] {"61":{"Uid":61,"Username":"用户61","Rid":0,"Token":"","Gid":0,"Action":"","Position":"{\"x\":327.1999999999998,\"r\":37}","Direction":""}}
2019/05/20 16:20:28 [release] {"61":{"Uid":61,"Username":"用户61","Rid":0,"Token":"","Gid":0,"Action":"","Position":"{\"x\":327.1999999999998,\"r\":37}","Direction":""}}
2019/05/20 16:20:29 [release] {"61":{"Uid":61,"Username":"用户61","Rid":0,"Token":"","Gid":0,"Action":"","Position":"{\"x\":327.1999999999998,\"r\":37}","Direction":""}}
2019/05/20 16:20:30 [release] {"61":{"Uid":61,"Username":"用户61","Rid":0,"Token":"","Gid":0,"Action":"","Position":"{\"x\":327.1999999999998,\"r\":37}","Direction":""}}
2019/05/20 16:20:31 [release] {"61":{"Uid":61,"Username":"用户61","Rid":0,"Token":"","Gid":0,"Action":"","Position":"{\"x\":327.1999999999998,\"r\":37}","Direction":""}}
2019/05/20 16:20:32 [release] {"61":{"Uid":61,"Username":"用户61","Rid":0,"Token":"","Gid":0,"Action":"","Position":"{\"x\":327.1999999999998,\"r\":37}","Direction":""}}
2019/05/20 16:20:33 [release] {"61":{"Uid":61,"Username":"用户61","Rid":0,"Token":"","Gid":0,"Action":"","Position":"{\"x\":327.1999999999998,\"r\":37}","Direction":""}}
2019/05/20 16:20:34 [release] {"61":{"Uid":61,"Username":"用户61","Rid":0,"Token":"","Gid":0,"Action":"","Position":"{\"x\":327.1999999999998,\"r\":37}","Direction":""}}
2019/05/20 16:20:35 [release] {"61":{"Uid":61,"Username":"用户61","Rid":0,"Token":"","Gid":0,"Action":"","Position":"{\"x\":327.1999999999998,\"r\":37}","Direction":""}}
2019/05/20 16:20:36 [release] {"61":{"Uid":61,"Username":"用户61","Rid":0,"Token":"","Gid":0,"Action":"","Position":"{\"x\":327.1999999999998,\"r\":37}","Direction":""}}
2019/05/20 16:20:37 [release] {"61":{"Uid":61,"Username":"用户61","Rid":0,"Token":"","Gid":0,"Action":"","Position":"{\"x\":327.1999999999998,\"r\":37}","Direction":""}}
2019/05/20 16:20:38 [release] {"61":{"Uid":61,"Username":"用户61","Rid":0,"Token":"","Gid":0,"Action":"","Position":"{\"x\":327.1999999999998,\"r\":37}","Direction":""}}
2019/05/20 16:20:39 [release] {"61":{"Uid":61,"Username":"用户61","Rid":0,"Token":"","Gid":0,"Action":"","Position":"{\"x\":327.1999999999998,\"r\":37}","Direction":""}}
2019/05/20 16:20:40 [release] {"61":{"Uid":61,"Username":"用户61","Rid":0,"Token":"","Gid":0,"Action":"","Position":"{\"x\":327.1999999999998,\"r\":37}","Direction":""}}
2019/05/20 16:20:41 [release] {"61":{"Uid":61,"Username":"用户61","Rid":0,"Token":"","Gid":0,"Action":"","Position":"{\"x\":327.1999999999998,\"r\":37}","Direction":""}}
2019/05/20 16:20:42 [release] {"61":{"Uid":61,"Username":"用户61","Rid":0,"Token":"","Gid":0,"Action":"","Position":"{\"x\":327.1999999999998,\"r\":37}","Direction":""}}
2019/05/20 16:20:43 [release] {"61":{"Uid":61,"Username":"用户61","Rid":0,"Token":"","Gid":0,"Action":"","Position":"{\"x\":327.1999999999998,\"r\":37}","Direction":""}}
2019/05/20 16:20:44 [release] {"61":{"Uid":61,"Username":"用户61","Rid":0,"Token":"","Gid":0,"Action":"","Position":"{\"x\":327.1999999999998,\"r\":37}","Direction":""}}
2019/05/20 16:20:45 [release] {"61":{"Uid":61,"Username":"用户61","Rid":0,"Token":"","Gid":0,"Action":"","Position":"{\"x\":327.1999999999998,\"r\":37}","Direction":""}}
2019/05/20 16:20:46 [release] {"61":{"Uid":61,"Username":"用户61","Rid":0,"Token":"","Gid":0,"Action":"","Position":"{\"x\":327.1999999999998,\"r\":37}","Direction":""}}
2019/05/20 16:20:47 [release] {"61":{"Uid":61,"Username":"用户61","Rid":0,"Token":"","Gid":0,"Action":"","Position":"{\"x\":327.1999999999998,\"r\":37}","Direction":""}}
2019/05/20 16:20:48 [release] {"61":{"Uid":61,"Username":"用户61","Rid":0,"Token":"","Gid":0,"Action":"","Position":"{\"x\":327.1999999999998,\"r\":37}","Direction":""}}
2019/05/20 16:20:49 [release] {"61":{"Uid":61,"Username":"用户61","Rid":0,"Token":"","Gid":0,"Action":"","Position":"{\"x\":327.1999999999998,\"r\":37}","Direction":""}}
2019/05/20 16:20:50 [release] {"61":{"Uid":61,"Username":"用户61","Rid":0,"Token":"","Gid":0,"Action":"","Position":"{\"x\":327.1999999999998,\"r\":37}","Direction":""}}
2019/05/20 16:20:51 [release] {"61":{"Uid":61,"Username":"用户61","Rid":0,"Token":"","Gid":0,"Action":"","Position":"{\"x\":327.1999999999998,\"r\":37}","Direction":""}}
2019/05/20 16:20:52 [release] {"61":{"Uid":61,"Username":"用户61","Rid":0,"Token":"","Gid":0,"Action":"","Position":"{\"x\":327.1999999999998,\"r\":37}","Direction":""}}
2019/05/20 16:20:53 [release] {"61":{"Uid":61,"Username":"用户61","Rid":0,"Token":"","Gid":0,"Action":"","Position":"{\"x\":327.1999999999998,\"r\":37}","Direction":""}}
2019/05/20 16:20:54 [release] {"61":{"Uid":61,"Username":"用户61","Rid":0,"Token":"","Gid":0,"Action":"","Position":"{\"x\":327.1999999999998,\"r\":37}","Direction":""}}
2019/05/20 16:20:55 [release] {"61":{"Uid":61,"Username":"用户61","Rid":0,"Token":"","Gid":0,"Action":"","Position":"{\"x\":327.1999999999998,\"r\":37}","Direction":""}}
2019/05/20 16:20:56 [release] {"61":{"Uid":61,"Username":"用户61","Rid":0,"Token":"","Gid":0,"Action":"","Position":"{\"x\":327.1999999999998,\"r\":37}","Direction":""}}
2019/05/20 16:20:57 [release] {"61":{"Uid":61,"Username":"用户61","Rid":0,"Token":"","Gid":0,"Action":"","Position":"{\"x\":327.1999999999998,\"r\":37}","Direction":""}}
2019/05/20 16:20:58 [release] {"61":{"Uid":61,"Username":"用户61","Rid":0,"Token":"","Gid":0,"Action":"","Position":"{\"x\":327.1999999999998,\"r\":37}","Direction":""}}
2019/05/20 16:20:59 [release] {"61":{"Uid":61,"Username":"用户61","Rid":0,"Token":"","Gid":0,"Action":"","Position":"{\"x\":327.1999999999998,\"r\":37}","Direction":""}}
2019/05/20 16:21:00 [release] {"61":{"Uid":61,"Username":"用户61","Rid":0,"Token":"","Gid":0,"Action":"","Position":"{\"x\":327.1999999999998,\"r\":37}","Direction":""}}
2019/05/20 16:21:01 [release] {"61":{"Uid":61,"Username":"用户61","Rid":0,"Token":"","Gid":0,"Action":"","Position":"{\"x\":327.1999999999998,\"r\":37}","Direction":""}}
2019/05/20 16:21:02 [release] {"61":{"Uid":61,"Username":"用户61","Rid":0,"Token":"","Gid":0,"Action":"","Position":"{\"x\":327.1999999999998,\"r\":37}","Direction":""}}
2019/05/20 16:21:03 [release] {"61":{"Uid":61,"Username":"用户61","Rid":0,"Token":"","Gid":0,"Action":"","Position":"{\"x\":327.1999999999998,\"r\":37}","Direction":""}}
2019/05/20 16:21:04 [release] {"61":{"Uid":61,"Username":"用户61","Rid":0,"Token":"","Gid":0,"Action":"","Position":"{\"x\":327.1999999999998,\"r\":37}","Direction":""}}
2019/05/20 16:21:05 [release] {"61":{"Uid":61,"Username":"用户61","Rid":0,"Token":"","Gid":0,"Action":"","Position":"{\"x\":327.1999999999998,\"r\":37}","Direction":""}}
2019/05/20 16:21:06 [release] {"61":{"Uid":61,"Username":"用户61","Rid":0,"Token":"","Gid":0,"Action":"","Position":"{\"x\":327.1999999999998,\"r\":37}","Direction":""}}
2019/05/20 16:21:07 [release] {"61":{"Uid":61,"Username":"用户61","Rid":0,"Token":"","Gid":0,"Action":"","Position":"{\"x\":327.1999999999998,\"r\":37}","Direction":""}}
2019/05/20 16:21:08 [release] {"61":{"Uid":61,"Username":"用户61","Rid":0,"Token":"","Gid":0,"Action":"","Position":"{\"x\":327.1999999999998,\"r\":37}","Direction":""}}
2019/05/20 16:21:09 [release] {"61":{"Uid":61,"Username":"用户61","Rid":0,"Token":"","Gid":0,"Action":"","Position":"{\"x\":327.1999999999998,\"r\":37}","Direction":""}}
2019/05/20 16:21:10 [release] {"61":{"Uid":61,"Username":"用户61","Rid":0,"Token":"","Gid":0,"Action":"","Position":"{\"x\":327.1999999999998,\"r\":37}","Direction":""}}
2019/05/20 16:21:11 [release] {"61":{"Uid":61,"Username":"用户61","Rid":0,"Token":"","Gid":0,"Action":"","Position":"{\"x\":327.1999999999998,\"r\":37}","Direction":""}}
2019/05/20 16:21:12 [release] {"61":{"Uid":61,"Username":"用户61","Rid":0,"Token":"","Gid":0,"Action":"","Position":"{\"x\":327.1999999999998,\"r\":37}","Direction":""}}
2019/05/20 16:21:13 [release] {"61":{"Uid":61,"Username":"用户61","Rid":0,"Token":"","Gid":0,"Action":"","Position":"{\"x\":327.1999999999998,\"r\":37}","Direction":""}}
2019/05/20 16:21:14 [release] {"61":{"Uid":61,"Username":"用户61","Rid":0,"Token":"","Gid":0,"Action":"","Position":"{\"x\":327.1999999999998,\"r\":37}","Direction":""}}
2019/05/20 16:21:15 [release] {"61":{"Uid":61,"Username":"用户61","Rid":0,"Token":"","Gid":0,"Action":"","Position":"{\"x\":327.1999999999998,\"r\":37}","Direction":""}}
2019/05/20 16:21:16 [release] {"61":{"Uid":61,"Username":"用户61","Rid":0,"Token":"","Gid":0,"Action":"","Position":"{\"x\":327.1999999999998,\"r\":37}","Direction":""}}
2019/05/20 16:21:17 [release] {"61":{"Uid":61,"Username":"用户61","Rid":0,"Token":"","Gid":0,"Action":"","Position":"{\"x\":327.1999999999998,\"r\":37}","Direction":""}}
2019/05/20 16:21:18 [release] {"61":{"Uid":61,"Username":"用户61","Rid":0,"Token":"","Gid":0,"Action":"","Position":"{\"x\":327.1999999999998,\"r\":37}","Direction":""}}
2019/05/20 16:21:19 [release] {"61":{"Uid":61,"Username":"用户61","Rid":0,"Token":"","Gid":0,"Action":"","Position":"{\"x\":327.1999999999998,\"r\":37}","Direction":""}}
2019/05/20 16:21:20 [release] {"61":{"Uid":61,"Username":"用户61","Rid":0,"Token":"","Gid":0,"Action":"","Position":"{\"x\":327.1999999999998,\"r\":37}","Direction":""}}
2019/05/20 16:21:21 [release] {"61":{"Uid":61,"Username":"用户61","Rid":0,"Token":"","Gid":0,"Action":"","Position":"{\"x\":327.1999999999998,\"r\":37}","Direction":""}}
2019/05/20 16:21:22 [release] {"61":{"Uid":61,"Username":"用户61","Rid":0,"Token":"","Gid":0,"Action":"","Position":"{\"x\":327.1999999999998,\"r\":37}","Direction":""}}
2019/05/20 16:21:23 [release] {"61":{"Uid":61,"Username":"用户61","Rid":0,"Token":"","Gid":0,"Action":"","Position":"{\"x\":327.1999999999998,\"r\":37}","Direction":""}}
2019/05/20 16:21:24 [release] {"61":{"Uid":61,"Username":"用户61","Rid":0,"Token":"","Gid":0,"Action":"","Position":"{\"x\":327.1999999999998,\"r\":37}","Direction":""}}
2019/05/20 16:21:25 [release] {"61":{"Uid":61,"Username":"用户61","Rid":0,"Token":"","Gid":0,"Action":"","Position":"{\"x\":327.1999999999998,\"r\":37}","Direction":""}}
2019/05/20 16:21:26 [release] {"61":{"Uid":61,"Username":"用户61","Rid":0,"Token":"","Gid":0,"Action":"","Position":"{\"x\":327.1999999999998,\"r\":37}","Direction":""}}
2019/05/20 16:21:27 [release] {"61":{"Uid":61,"Username":"用户61","Rid":0,"Token":"","Gid":0,"Action":"","Position":"{\"x\":327.1999999999998,\"r\":37}","Direction":""}}
2019/05/20 16:21:28 [release] {"61":{"Uid":61,"Username":"用户61","Rid":0,"Token":"","Gid":0,"Action":"","Position":"{\"x\":327.1999999999998,\"r\":37}","Direction":""}}
2019/05/20 16:21:29 [release] {"61":{"Uid":61,"Username":"用户61","Rid":0,"Token":"","Gid":0,"Action":"","Position":"{\"x\":327.1999999999998,\"r\":37}","Direction":""}}
2019/05/20 16:21:30 [release] {"61":{"Uid":61,"Username":"用户61","Rid":0,"Token":"","Gid":0,"Action":"","Position":"{\"x\":327.1999999999998,\"r\":37}","Direction":""}}
2019/05/20 16:21:31 [release] {"61":{"Uid":61,"Username":"用户61","Rid":0,"Token":"","Gid":0,"Action":"","Position":"{\"x\":327.1999999999998,\"r\":37}","Direction":""}}
2019/05/20 16:21:32 [release] {"61":{"Uid":61,"Username":"用户61","Rid":0,"Token":"","Gid":0,"Action":"","Position":"{\"x\":327.1999999999998,\"r\":37}","Direction":""}}
2019/05/20 16:21:33 [release] {"61":{"Uid":61,"Username":"用户61","Rid":0,"Token":"","Gid":0,"Action":"","Position":"{\"x\":327.1999999999998,\"r\":37}","Direction":""}}
2019/05/20 16:21:34 [release] {"61":{"Uid":61,"Username":"用户61","Rid":0,"Token":"","Gid":0,"Action":"","Position":"{\"x\":327.1999999999998,\"r\":37}","Direction":""}}
2019/05/20 16:21:35 [release] {"61":{"Uid":61,"Username":"用户61","Rid":0,"Token":"","Gid":0,"Action":"","Position":"{\"x\":327.1999999999998,\"r\":37}","Direction":""}}
2019/05/20 16:21:36 [release] {"61":{"Uid":61,"Username":"用户61","Rid":0,"Token":"","Gid":0,"Action":"","Position":"{\"x\":327.1999999999998,\"r\":37}","Direction":""}}
2019/05/20 16:21:37 [release] {"61":{"Uid":61,"Username":"用户61","Rid":0,"Token":"","Gid":0,"Action":"","Position":"{\"x\":327.1999999999998,\"r\":37}","Direction":""}}
2019/05/20 16:21:38 [release] {"61":{"Uid":61,"Username":"用户61","Rid":0,"Token":"","Gid":0,"Action":"","Position":"{\"x\":327.1999999999998,\"r\":37}","Direction":""}}
2019/05/20 16:21:39 [release] {"61":{"Uid":61,"Username":"用户61","Rid":0,"Token":"","Gid":0,"Action":"","Position":"{\"x\":327.1999999999998,\"r\":37}","Direction":""}}
2019/05/20 16:21:40 [release] {"61":{"Uid":61,"Username":"用户61","Rid":0,"Token":"","Gid":0,"Action":"","Position":"{\"x\":327.1999999999998,\"r\":37}","Direction":""}}
2019/05/20 16:21:41 [release] {"61":{"Uid":61,"Username":"用户61","Rid":0,"Token":"","Gid":0,"Action":"","Position":"{\"x\":327.1999999999998,\"r\":37}","Direction":""}}
2019/05/20 16:21:42 [release] {"61":{"Uid":61,"Username":"用户61","Rid":0,"Token":"","Gid":0,"Action":"","Position":"{\"x\":327.1999999999998,\"r\":37}","Direction":""}}
2019/05/20 16:21:43 [release] {"61":{"Uid":61,"Username":"用户61","Rid":0,"Token":"","Gid":0,"Action":"","Position":"{\"x\":327.1999999999998,\"r\":37}","Direction":""}}
2019/05/20 16:21:44 [release] {"61":{"Uid":61,"Username":"用户61","Rid":0,"Token":"","Gid":0,"Action":"","Position":"{\"x\":327.1999999999998,\"r\":37}","Direction":""}}
2019/05/20 16:21:45 [release] {"61":{"Uid":61,"Username":"用户61","Rid":0,"Token":"","Gid":0,"Action":"","Position":"{\"x\":327.1999999999998,\"r\":37}","Direction":""}}
2019/05/20 16:21:46 [release] {"61":{"Uid":61,"Username":"用户61","Rid":0,"Token":"","Gid":0,"Action":"","Position":"{\"x\":327.1999999999998,\"r\":37}","Direction":""}}
2019/05/20 16:21:47 [release] {"61":{"Uid":61,"Username":"用户61","Rid":0,"Token":"","Gid":0,"Action":"","Position":"{\"x\":327.1999999999998,\"r\":37}","Direction":""}}
2019/05/20 16:21:48 [release] {"61":{"Uid":61,"Username":"用户61","Rid":0,"Token":"","Gid":0,"Action":"","Position":"{\"x\":327.1999999999998,\"r\":37}","Direction":""}}
2019/05/20 16:21:49 [release] {"61":{"Uid":61,"Username":"用户61","Rid":0,"Token":"","Gid":0,"Action":"","Position":"{\"x\":327.1999999999998,\"r\":37}","Direction":""}}
2019/05/20 16:21:50 [release] {"61":{"Uid":61,"Username":"用户61","Rid":0,"Token":"","Gid":0,"Action":"","Position":"{\"x\":327.1999999999998,\"r\":37}","Direction":""}}
2019/05/20 16:21:51 [release] {"61":{"Uid":61,"Username":"用户61","Rid":0,"Token":"","Gid":0,"Action":"","Position":"{\"x\":327.1999999999998,\"r\":37}","Direction":""}}
2019/05/20 16:21:52 [release] {"61":{"Uid":61,"Username":"用户61","Rid":0,"Token":"","Gid":0,"Action":"","Position":"{\"x\":327.1999999999998,\"r\":37}","Direction":""}}
2019/05/20 16:21:53 [release] {"61":{"Uid":61,"Username":"用户61","Rid":0,"Token":"","Gid":0,"Action":"","Position":"{\"x\":327.1999999999998,\"r\":37}","Direction":""}}
2019/05/20 16:21:54 [release] {"61":{"Uid":61,"Username":"用户61","Rid":0,"Token":"","Gid":0,"Action":"","Position":"{\"x\":327.1999999999998,\"r\":37}","Direction":""}}
2019/05/20 16:21:55 [release] {"61":{"Uid":61,"Username":"用户61","Rid":0,"Token":"","Gid":0,"Action":"","Position":"{\"x\":327.1999999999998,\"r\":37}","Direction":""}}
2019/05/20 16:21:56 [release] {"61":{"Uid":61,"Username":"用户61","Rid":0,"Token":"","Gid":0,"Action":"","Position":"{\"x\":327.1999999999998,\"r\":37}","Direction":""}}
2019/05/20 16:21:57 [release] {"61":{"Uid":61,"Username":"用户61","Rid":0,"Token":"","Gid":0,"Action":"","Position":"{\"x\":327.1999999999998,\"r\":37}","Direction":""}}
2019/05/20 16:21:58 [release] {"61":{"Uid":61,"Username":"用户61","Rid":0,"Token":"","Gid":0,"Action":"","Position":"{\"x\":327.1999999999998,\"r\":37}","Direction":""}}
2019/05/20 16:21:59 [release] {"61":{"Uid":61,"Username":"用户61","Rid":0,"Token":"","Gid":0,"Action":"","Position":"{\"x\":327.1999999999998,\"r\":37}","Direction":""}}
2019/05/20 16:22:00 [release] {"61":{"Uid":61,"Username":"用户61","Rid":0,"Token":"","Gid":0,"Action":"","Position":"{\"x\":327.1999999999998,\"r\":37}","Direction":""}}
2019/05/20 16:22:01 [release] {"61":{"Uid":61,"Username":"用户61","Rid":0,"Token":"","Gid":0,"Action":"","Position":"{\"x\":327.1999999999998,\"r\":37}","Direction":""}}
2019/05/20 16:22:02 [release] {"61":{"Uid":61,"Username":"用户61","Rid":0,"Token":"","Gid":0,"Action":"","Position":"{\"x\":327.1999999999998,\"r\":37}","Direction":""}}
2019/05/20 16:22:03 [release] {"61":{"Uid":61,"Username":"用户61","Rid":0,"Token":"","Gid":0,"Action":"","Position":"{\"x\":327.1999999999998,\"r\":37}","Direction":""}}
2019/05/20 16:22:04 [release] {"61":{"Uid":61,"Username":"用户61","Rid":0,"Token":"","Gid":0,"Action":"","Position":"{\"x\":327.1999999999998,\"r\":37}","Direction":""}}
2019/05/20 16:22:05 [release] {"61":{"Uid":61,"Username":"用户61","Rid":0,"Token":"","Gid":0,"Action":"","Position":"{\"x\":327.1999999999998,\"r\":37}","Direction":""}}
2019/05/20 16:22:06 [release] {"61":{"Uid":61,"Username":"用户61","Rid":0,"Token":"","Gid":0,"Action":"","Position":"{\"x\":327.1999999999998,\"r\":37}","Direction":""}}
2019/05/20 16:22:07 [release] {"61":{"Uid":61,"Username":"用户61","Rid":0,"Token":"","Gid":0,"Action":"","Position":"{\"x\":327.1999999999998,\"r\":37}","Direction":""}}
2019/05/20 16:22:08 [release] {"61":{"Uid":61,"Username":"用户61","Rid":0,"Token":"","Gid":0,"Action":"","Position":"{\"x\":327.1999999999998,\"r\":37}","Direction":""}}
2019/05/20 16:22:09 [release] {"61":{"Uid":61,"Username":"用户61","Rid":0,"Token":"","Gid":0,"Action":"","Position":"{\"x\":327.1999999999998,\"r\":37}","Direction":""}}
2019/05/20 16:22:10 [release] {"61":{"Uid":61,"Username":"用户61","Rid":0,"Token":"","Gid":0,"Action":"","Position":"{\"x\":327.1999999999998,\"r\":37}","Direction":""}}
2019/05/20 16:22:11 [release] {"61":{"Uid":61,"Username":"用户61","Rid":0,"Token":"","Gid":0,"Action":"","Position":"{\"x\":327.1999999999998,\"r\":37}","Direction":""}}
2019/05/20 16:22:12 [release] {"61":{"Uid":61,"Username":"用户61","Rid":0,"Token":"","Gid":0,"Action":"","Position":"{\"x\":327.1999999999998,\"r\":37}","Direction":""}}
2019/05/20 16:22:13 [release] {"61":{"Uid":61,"Username":"用户61","Rid":0,"Token":"","Gid":0,"Action":"","Position":"{\"x\":327.1999999999998,\"r\":37}","Direction":""}}
2019/05/20 16:22:14 [release] {"61":{"Uid":61,"Username":"用户61","Rid":0,"Token":"","Gid":0,"Action":"","Position":"{\"x\":327.1999999999998,\"r\":37}","Direction":""}}
2019/05/20 16:22:15 [release] {"61":{"Uid":61,"Username":"用户61","Rid":0,"Token":"","Gid":0,"Action":"","Position":"{\"x\":327.1999999999998,\"r\":37}","Direction":""}}
2019/05/20 16:22:16 [release] {"61":{"Uid":61,"Username":"用户61","Rid":0,"Token":"","Gid":0,"Action":"","Position":"{\"x\":327.1999999999998,\"r\":37}","Direction":""}}
2019/05/20 16:22:17 [release] {"61":{"Uid":61,"Username":"用户61","Rid":0,"Token":"","Gid":0,"Action":"","Position":"{\"x\":327.1999999999998,\"r\":37}","Direction":""}}
2019/05/20 16:22:18 [release] {"61":{"Uid":61,"Username":"用户61","Rid":0,"Token":"","Gid":0,"Action":"","Position":"{\"x\":327.1999999999998,\"r\":37}","Direction":""}}
2019/05/20 16:22:19 [release] {"61":{"Uid":61,"Username":"用户61","Rid":0,"Token":"","Gid":0,"Action":"","Position":"{\"x\":327.1999999999998,\"r\":37}","Direction":""}}
2019/05/20 16:22:20 [release] {"61":{"Uid":61,"Username":"用户61","Rid":0,"Token":"","Gid":0,"Action":"","Position":"{\"x\":327.1999999999998,\"r\":37}","Direction":""}}
2019/05/20 16:22:21 [release] {"61":{"Uid":61,"Username":"用户61","Rid":0,"Token":"","Gid":0,"Action":"","Position":"{\"x\":327.1999999999998,\"r\":37}","Direction":""}}
2019/05/20 16:22:22 [release] {"61":{"Uid":61,"Username":"用户61","Rid":0,"Token":"","Gid":0,"Action":"","Position":"{\"x\":327.1999999999998,\"r\":37}","Direction":""}}
2019/05/20 16:22:23 [release] {"61":{"Uid":61,"Username":"用户61","Rid":0,"Token":"","Gid":0,"Action":"","Position":"{\"x\":327.1999999999998,\"r\":37}","Direction":""}}
2019/05/20 16:22:24 [release] {"61":{"Uid":61,"Username":"用户61","Rid":0,"Token":"","Gid":0,"Action":"","Position":"{\"x\":327.1999999999998,\"r\":37}","Direction":""}}
2019/05/20 16:22:25 [release] {"61":{"Uid":61,"Username":"用户61","Rid":0,"Token":"","Gid":0,"Action":"","Position":"{\"x\":327.1999999999998,\"r\":37}","Direction":""}}
2019/05/20 16:22:26 [release] {"61":{"Uid":61,"Username":"用户61","Rid":0,"Token":"","Gid":0,"Action":"","Position":"{\"x\":327.1999999999998,\"r\":37}","Direction":""}}
2019/05/20 16:22:27 [release] {"61":{"Uid":61,"Username":"用户61","Rid":0,"Token":"","Gid":0,"Action":"","Position":"{\"x\":327.1999999999998,\"r\":37}","Direction":""}}
2019/05/20 16:22:28 [release] {"61":{"Uid":61,"Username":"用户61","Rid":0,"Token":"","Gid":0,"Action":"","Position":"{\"x\":327.1999999999998,\"r\":37}","Direction":""}}
2019/05/20 16:22:29 [release] {"61":{"Uid":61,"Username":"用户61","Rid":0,"Token":"","Gid":0,"Action":"","Position":"{\"x\":327.1999999999998,\"r\":37}","Direction":""}}
2019/05/20 16:22:30 [release] {"61":{"Uid":61,"Username":"用户61","Rid":0,"Token":"","Gid":0,"Action":"","Position":"{\"x\":327.1999999999998,\"r\":37}","Direction":""}}
2019/05/20 16:22:31 [release] {"61":{"Uid":61,"Username":"用户61","Rid":0,"Token":"","Gid":0,"Action":"","Position":"{\"x\":327.1999999999998,\"r\":37}","Direction":""}}
2019/05/20 16:22:32 [release] {"61":{"Uid":61,"Username":"用户61","Rid":0,"Token":"","Gid":0,"Action":"","Position":"{\"x\":327.1999999999998,\"r\":37}","Direction":""}}
2019/05/20 16:22:33 [release] {"61":{"Uid":61,"Username":"用户61","Rid":0,"Token":"","Gid":0,"Action":"","Position":"{\"x\":327.1999999999998,\"r\":37}","Direction":""}}
2019/05/20 16:22:34 [release] {"61":{"Uid":61,"Username":"用户61","Rid":0,"Token":"","Gid":0,"Action":"","Position":"{\"x\":327.1999999999998,\"r\":37}","Direction":""}}
2019/05/20 16:22:35 [release] {"61":{"Uid":61,"Username":"用户61","Rid":0,"Token":"","Gid":0,"Action":"","Position":"{\"x\":327.1999999999998,\"r\":37}","Direction":""}}
2019/05/20 16:22:36 [release] {"61":{"Uid":61,"Username":"用户61","Rid":0,"Token":"","Gid":0,"Action":"","Position":"{\"x\":327.1999999999998,\"r\":37}","Direction":""}}
2019/05/20 16:22:37 [release] {"61":{"Uid":61,"Username":"用户61","Rid":0,"Token":"","Gid":0,"Action":"","Position":"{\"x\":327.1999999999998,\"r\":37}","Direction":""}}
2019/05/20 16:22:38 [release] {"61":{"Uid":61,"Username":"用户61","Rid":0,"Token":"","Gid":0,"Action":"","Position":"{\"x\":327.1999999999998,\"r\":37}","Direction":""}}
2019/05/20 16:22:39 [release] {"61":{"Uid":61,"Username":"用户61","Rid":0,"Token":"","Gid":0,"Action":"","Position":"{\"x\":327.1999999999998,\"r\":37}","Direction":""}}
2019/05/20 16:22:40 [release] {"61":{"Uid":61,"Username":"用户61","Rid":0,"Token":"","Gid":0,"Action":"","Position":"{\"x\":327.1999999999998,\"r\":37}","Direction":""}}
2019/05/20 16:22:41 [release] {"61":{"Uid":61,"Username":"用户61","Rid":0,"Token":"","Gid":0,"Action":"","Position":"{\"x\":327.1999999999998,\"r\":37}","Direction":""}}
2019/05/20 16:22:42 [release] {"61":{"Uid":61,"Username":"用户61","Rid":0,"Token":"","Gid":0,"Action":"","Position":"{\"x\":327.1999999999998,\"r\":37}","Direction":""}}
2019/05/20 16:22:43 [release] {"61":{"Uid":61,"Username":"用户61","Rid":0,"Token":"","Gid":0,"Action":"","Position":"{\"x\":327.1999999999998,\"r\":37}","Direction":""}}
2019/05/20 16:22:44 [release] {"61":{"Uid":61,"Username":"用户61","Rid":0,"Token":"","Gid":0,"Action":"","Position":"{\"x\":327.1999999999998,\"r\":37}","Direction":""}}
2019/05/20 16:22:45 [release] {"61":{"Uid":61,"Username":"用户61","Rid":0,"Token":"","Gid":0,"Action":"","Position":"{\"x\":327.1999999999998,\"r\":37}","Direction":""}}
2019/05/20 16:22:46 [release] {"61":{"Uid":61,"Username":"用户61","Rid":0,"Token":"","Gid":0,"Action":"","Position":"{\"x\":327.1999999999998,\"r\":37}","Direction":""}}
2019/05/20 16:22:47 [release] {"61":{"Uid":61,"Username":"用户61","Rid":0,"Token":"","Gid":0,"Action":"","Position":"{\"x\":327.1999999999998,\"r\":37}","Direction":""}}
2019/05/20 16:22:48 [release] {"61":{"Uid":61,"Username":"用户61","Rid":0,"Token":"","Gid":0,"Action":"","Position":"{\"x\":327.1999999999998,\"r\":37}","Direction":""}}
2019/05/20 16:22:49 [release] {"61":{"Uid":61,"Username":"用户61","Rid":0,"Token":"","Gid":0,"Action":"","Position":"{\"x\":327.1999999999998,\"r\":37}","Direction":""}}
2019/05/20 16:22:50 [release] {"61":{"Uid":61,"Username":"用户61","Rid":0,"Token":"","Gid":0,"Action":"","Position":"{\"x\":327.1999999999998,\"r\":37}","Direction":""}}
2019/05/20 16:22:51 [release] {"61":{"Uid":61,"Username":"用户61","Rid":0,"Token":"","Gid":0,"Action":"","Position":"{\"x\":327.1999999999998,\"r\":37}","Direction":""}}
2019/05/20 16:22:52 [release] {"61":{"Uid":61,"Username":"用户61","Rid":0,"Token":"","Gid":0,"Action":"","Position":"{\"x\":327.1999999999998,\"r\":37}","Direction":""}}
2019/05/20 16:22:53 [release] {"61":{"Uid":61,"Username":"用户61","Rid":0,"Token":"","Gid":0,"Action":"","Position":"{\"x\":327.1999999999998,\"r\":37}","Direction":""}}
2019/05/20 16:22:54 [release] {"61":{"Uid":61,"Username":"用户61","Rid":0,"Token":"","Gid":0,"Action":"","Position":"{\"x\":327.1999999999998,\"r\":37}","Direction":""}}
2019/05/20 16:22:55 [release] {"61":{"Uid":61,"Username":"用户61","Rid":0,"Token":"","Gid":0,"Action":"","Position":"{\"x\":327.1999999999998,\"r\":37}","Direction":""}}
2019/05/20 16:22:56 [release] {"61":{"Uid":61,"Username":"用户61","Rid":0,"Token":"","Gid":0,"Action":"","Position":"{\"x\":327.1999999999998,\"r\":37}","Direction":""}}
2019/05/20 16:22:57 [release] {"61":{"Uid":61,"Username":"用户61","Rid":0,"Token":"","Gid":0,"Action":"","Position":"{\"x\":327.1999999999998,\"r\":37}","Direction":""}}
2019/05/20 16:22:58 [release] {"61":{"Uid":61,"Username":"用户61","Rid":0,"Token":"","Gid":0,"Action":"","Position":"{\"x\":327.1999999999998,\"r\":37}","Direction":""}}
2019/05/20 16:22:59 [release] {"61":{"Uid":61,"Username":"用户61","Rid":0,"Token":"","Gid":0,"Action":"","Position":"{\"x\":327.1999999999998,\"r\":37}","Direction":""}}
2019/05/20 16:23:00 [release] {"61":{"Uid":61,"Username":"用户61","Rid":0,"Token":"","Gid":0,"Action":"","Position":"{\"x\":327.1999999999998,\"r\":37}","Direction":""}}
2019/05/20 16:23:01 [release] {"61":{"Uid":61,"Username":"用户61","Rid":0,"Token":"","Gid":0,"Action":"","Position":"{\"x\":327.1999999999998,\"r\":37}","Direction":""}}
2019/05/20 16:23:02 [release] {"61":{"Uid":61,"Username":"用户61","Rid":0,"Token":"","Gid":0,"Action":"","Position":"{\"x\":327.1999999999998,\"r\":37}","Direction":""}}
2019/05/20 16:23:03 [release] {"61":{"Uid":61,"Username":"用户61","Rid":0,"Token":"","Gid":0,"Action":"","Position":"{\"x\":327.1999999999998,\"r\":37}","Direction":""}}
2019/05/20 16:23:04 [release] {"61":{"Uid":61,"Username":"用户61","Rid":0,"Token":"","Gid":0,"Action":"","Position":"{\"x\":327.1999999999998,\"r\":37}","Direction":""}}
2019/05/20 16:23:05 [release] {"61":{"Uid":61,"Username":"用户61","Rid":0,"Token":"","Gid":0,"Action":"","Position":"{\"x\":327.1999999999998,\"r\":37}","Direction":""}}
2019/05/20 16:23:06 [release] {"61":{"Uid":61,"Username":"用户61","Rid":0,"Token":"","Gid":0,"Action":"","Position":"{\"x\":327.1999999999998,\"r\":37}","Direction":""}}
2019/05/20 16:23:07 [release] {"61":{"Uid":61,"Username":"用户61","Rid":0,"Token":"","Gid":0,"Action":"","Position":"{\"x\":327.1999999999998,\"r\":37}","Direction":""}}
2019/05/20 16:23:08 [release] {"61":{"Uid":61,"Username":"用户61","Rid":0,"Token":"","Gid":0,"Action":"","Position":"{\"x\":327.1999999999998,\"r\":37}","Direction":""}}
2019/05/20 16:23:09 [release] {"61":{"Uid":61,"Username":"用户61","Rid":0,"Token":"","Gid":0,"Action":"","Position":"{\"x\":327.1999999999998,\"r\":37}","Direction":""}}
2019/05/20 16:23:10 [release] {"61":{"Uid":61,"Username":"用户61","Rid":0,"Token":"","Gid":0,"Action":"","Position":"{\"x\":327.1999999999998,\"r\":37}","Direction":""}}
2019/05/20 16:23:11 [release] {"61":{"Uid":61,"Username":"用户61","Rid":0,"Token":"","Gid":0,"Action":"","Position":"{\"x\":327.1999999999998,\"r\":37}","Direction":""}}
2019/05/20 16:23:12 [release] {"61":{"Uid":61,"Username":"用户61","Rid":0,"Token":"","Gid":0,"Action":"","Position":"{\"x\":327.1999999999998,\"r\":37}","Direction":""}}
2019/05/20 16:23:13 [release] {"61":{"Uid":61,"Username":"用户61","Rid":0,"Token":"","Gid":0,"Action":"","Position":"{\"x\":327.1999999999998,\"r\":37}","Direction":""}}
2019/05/20 16:23:14 [release] {"61":{"Uid":61,"Username":"用户61","Rid":0,"Token":"","Gid":0,"Action":"","Position":"{\"x\":327.1999999999998,\"r\":37}","Direction":""}}
2019/05/20 16:23:15 [release] {"61":{"Uid":61,"Username":"用户61","Rid":0,"Token":"","Gid":0,"Action":"","Position":"{\"x\":327.1999999999998,\"r\":37}","Direction":""}}
2019/05/20 16:23:16 [release] {"61":{"Uid":61,"Username":"用户61","Rid":0,"Token":"","Gid":0,"Action":"","Position":"{\"x\":327.1999999999998,\"r\":37}","Direction":""}}
2019/05/20 16:23:17 [release] {"61":{"Uid":61,"Username":"用户61","Rid":0,"Token":"","Gid":0,"Action":"","Position":"{\"x\":327.1999999999998,\"r\":37}","Direction":""}}
2019/05/20 16:23:18 [release] {"61":{"Uid":61,"Username":"用户61","Rid":0,"Token":"","Gid":0,"Action":"","Position":"{\"x\":327.1999999999998,\"r\":37}","Direction":""}}
2019/05/20 16:23:19 [release] {"61":{"Uid":61,"Username":"用户61","Rid":0,"Token":"","Gid":0,"Action":"","Position":"{\"x\":327.1999999999998,\"r\":37}","Direction":""}}
2019/05/20 16:23:20 [release] {"61":{"Uid":61,"Username":"用户61","Rid":0,"Token":"","Gid":0,"Action":"","Position":"{\"x\":327.1999999999998,\"r\":37}","Direction":""}}
2019/05/20 16:23:21 [release] {"61":{"Uid":61,"Username":"用户61","Rid":0,"Token":"","Gid":0,"Action":"","Position":"{\"x\":327.1999999999998,\"r\":37}","Direction":""}}
2019/05/20 16:23:22 [release] {"61":{"Uid":61,"Username":"用户61","Rid":0,"Token":"","Gid":0,"Action":"","Position":"{\"x\":327.1999999999998,\"r\":37}","Direction":""}}
2019/05/20 16:23:23 [release] {"61":{"Uid":61,"Username":"用户61","Rid":0,"Token":"","Gid":0,"Action":"","Position":"{\"x\":327.1999999999998,\"r\":37}","Direction":""}}
2019/05/20 16:23:24 [release] {"61":{"Uid":61,"Username":"用户61","Rid":0,"Token":"","Gid":0,"Action":"","Position":"{\"x\":327.1999999999998,\"r\":37}","Direction":""}}
2019/05/20 16:23:25 [release] {"61":{"Uid":61,"Username":"用户61","Rid":0,"Token":"","Gid":0,"Action":"","Position":"{\"x\":327.1999999999998,\"r\":37}","Direction":""}}
2019/05/20 16:23:26 [release] {"61":{"Uid":61,"Username":"用户61","Rid":0,"Token":"","Gid":0,"Action":"","Position":"{\"x\":327.1999999999998,\"r\":37}","Direction":""}}
2019/05/20 16:23:27 [release] {"61":{"Uid":61,"Username":"用户61","Rid":0,"Token":"","Gid":0,"Action":"","Position":"{\"x\":327.1999999999998,\"r\":37}","Direction":""}}
2019/05/20 16:23:28 [release] {"61":{"Uid":61,"Username":"用户61","Rid":0,"Token":"","Gid":0,"Action":"","Position":"{\"x\":327.1999999999998,\"r\":37}","Direction":""}}
2019/05/20 16:23:29 [release] {"61":{"Uid":61,"Username":"用户61","Rid":0,"Token":"","Gid":0,"Action":"","Position":"{\"x\":327.1999999999998,\"r\":37}","Direction":""}}
2019/05/20 16:23:30 [release] {"61":{"Uid":61,"Username":"用户61","Rid":0,"Token":"","Gid":0,"Action":"","Position":"{\"x\":327.1999999999998,\"r\":37}","Direction":""}}
2019/05/20 16:23:31 [release] {"61":{"Uid":61,"Username":"用户61","Rid":0,"Token":"","Gid":0,"Action":"","Position":"{\"x\":327.1999999999998,\"r\":37}","Direction":""}}
2019/05/20 16:23:32 [release] {"61":{"Uid":61,"Username":"用户61","Rid":0,"Token":"","Gid":0,"Action":"","Position":"{\"x\":327.1999999999998,\"r\":37}","Direction":""}}
2019/05/20 16:23:33 [release] {"61":{"Uid":61,"Username":"用户61","Rid":0,"Token":"","Gid":0,"Action":"","Position":"{\"x\":327.1999999999998,\"r\":37}","Direction":""}}
2019/05/20 16:23:34 [release] {"61":{"Uid":61,"Username":"用户61","Rid":0,"Token":"","Gid":0,"Action":"","Position":"{\"x\":327.1999999999998,\"r\":37}","Direction":""}}
2019/05/20 16:23:35 [release] {"61":{"Uid":61,"Username":"用户61","Rid":0,"Token":"","Gid":0,"Action":"","Position":"{\"x\":327.1999999999998,\"r\":37}","Direction":""}}
2019/05/20 16:23:36 [release] {"61":{"Uid":61,"Username":"用户61","Rid":0,"Token":"","Gid":0,"Action":"","Position":"{\"x\":327.1999999999998,\"r\":37}","Direction":""}}
2019/05/20 16:23:37 [release] {"61":{"Uid":61,"Username":"用户61","Rid":0,"Token":"","Gid":0,"Action":"","Position":"{\"x\":327.1999999999998,\"r\":37}","Direction":""}}
2019/05/20 16:23:38 [release] {"61":{"Uid":61,"Username":"用户61","Rid":0,"Token":"","Gid":0,"Action":"","Position":"{\"x\":327.1999999999998,\"r\":37}","Direction":""}}
2019/05/20 16:23:39 [release] {"61":{"Uid":61,"Username":"用户61","Rid":0,"Token":"","Gid":0,"Action":"","Position":"{\"x\":327.1999999999998,\"r\":37}","Direction":""}}
2019/05/20 16:23:40 [release] {"61":{"Uid":61,"Username":"用户61","Rid":0,"Token":"","Gid":0,"Action":"","Position":"{\"x\":327.1999999999998,\"r\":37}","Direction":""}}
2019/05/20 16:23:41 [release] {"61":{"Uid":61,"Username":"用户61","Rid":0,"Token":"","Gid":0,"Action":"","Position":"{\"x\":327.1999999999998,\"r\":37}","Direction":""}}
2019/05/20 16:23:42 [release] {"61":{"Uid":61,"Username":"用户61","Rid":0,"Token":"","Gid":0,"Action":"","Position":"{\"x\":327.1999999999998,\"r\":37}","Direction":""}}
2019/05/20 16:23:43 [release] {"61":{"Uid":61,"Username":"用户61","Rid":0,"Token":"","Gid":0,"Action":"","Position":"{\"x\":327.1999999999998,\"r\":37}","Direction":""}}
2019/05/20 16:23:44 [release] {"61":{"Uid":61,"Username":"用户61","Rid":0,"Token":"","Gid":0,"Action":"","Position":"{\"x\":327.1999999999998,\"r\":37}","Direction":""}}
2019/05/20 16:23:45 [release] {"61":{"Uid":61,"Username":"用户61","Rid":0,"Token":"","Gid":0,"Action":"","Position":"{\"x\":327.1999999999998,\"r\":37}","Direction":""}}
2019/05/20 16:23:46 [release] {"61":{"Uid":61,"Username":"用户61","Rid":0,"Token":"","Gid":0,"Action":"","Position":"{\"x\":327.1999999999998,\"r\":37}","Direction":""}}
2019/05/20 16:23:47 [release] {"61":{"Uid":61,"Username":"用户61","Rid":0,"Token":"","Gid":0,"Action":"","Position":"{\"x\":327.1999999999998,\"r\":37}","Direction":""}}
2019/05/20 16:23:48 [release] {"61":{"Uid":61,"Username":"用户61","Rid":0,"Token":"","Gid":0,"Action":"","Position":"{\"x\":327.1999999999998,\"r\":37}","Direction":""}}
2019/05/20 16:23:49 [release] {"61":{"Uid":61,"Username":"用户61","Rid":0,"Token":"","Gid":0,"Action":"","Position":"{\"x\":327.1999999999998,\"r\":37}","Direction":""}}
2019/05/20 16:23:50 [release] {"61":{"Uid":61,"Username":"用户61","Rid":0,"Token":"","Gid":0,"Action":"","Position":"{\"x\":327.1999999999998,\"r\":37}","Direction":""}}
2019/05/20 16:23:51 [release] {"61":{"Uid":61,"Username":"用户61","Rid":0,"Token":"","Gid":0,"Action":"","Position":"{\"x\":327.1999999999998,\"r\":37}","Direction":""}}
2019/05/20 16:23:52 [release] {"61":{"Uid":61,"Username":"用户61","Rid":0,"Token":"","Gid":0,"Action":"","Position":"{\"x\":327.1999999999998,\"r\":37}","Direction":""}}
2019/05/20 16:23:53 [release] {"61":{"Uid":61,"Username":"用户61","Rid":0,"Token":"","Gid":0,"Action":"","Position":"{\"x\":327.1999999999998,\"r\":37}","Direction":""}}
2019/05/20 16:23:54 [release] {"61":{"Uid":61,"Username":"用户61","Rid":0,"Token":"","Gid":0,"Action":"","Position":"{\"x\":327.1999999999998,\"r\":37}","Direction":""}}
2019/05/20 16:23:55 [release] {"61":{"Uid":61,"Username":"用户61","Rid":0,"Token":"","Gid":0,"Action":"","Position":"{\"x\":327.1999999999998,\"r\":37}","Direction":""}}
2019/05/20 16:23:56 [release] {"61":{"Uid":61,"Username":"用户61","Rid":0,"Token":"","Gid":0,"Action":"","Position":"{\"x\":327.1999999999998,\"r\":37}","Direction":""}}
2019/05/20 16:23:57 [release] {"61":{"Uid":61,"Username":"用户61","Rid":0,"Token":"","Gid":0,"Action":"","Position":"{\"x\":327.1999999999998,\"r\":37}","Direction":""}}
2019/05/20 16:23:58 [release] {"61":{"Uid":61,"Username":"用户61","Rid":0,"Token":"","Gid":0,"Action":"","Position":"{\"x\":327.1999999999998,\"r\":37}","Direction":""}}
2019/05/20 16:23:59 [release] {"61":{"Uid":61,"Username":"用户61","Rid":0,"Token":"","Gid":0,"Action":"","Position":"{\"x\":327.1999999999998,\"r\":37}","Direction":""}}
2019/05/20 16:24:00 [release] {"61":{"Uid":61,"Username":"用户61","Rid":0,"Token":"","Gid":0,"Action":"","Position":"{\"x\":327.1999999999998,\"r\":37}","Direction":""}}
2019/05/20 16:24:01 [release] {"61":{"Uid":61,"Username":"用户61","Rid":0,"Token":"","Gid":0,"Action":"","Position":"{\"x\":327.1999999999998,\"r\":37}","Direction":""}}
2019/05/20 16:24:02 [release] {"61":{"Uid":61,"Username":"用户61","Rid":0,"Token":"","Gid":0,"Action":"","Position":"{\"x\":327.1999999999998,\"r\":37}","Direction":""}}
2019/05/20 16:24:03 [release] {"61":{"Uid":61,"Username":"用户61","Rid":0,"Token":"","Gid":0,"Action":"","Position":"{\"x\":327.1999999999998,\"r\":37}","Direction":""}}
2019/05/20 16:24:04 [release] {"61":{"Uid":61,"Username":"用户61","Rid":0,"Token":"","Gid":0,"Action":"","Position":"{\"x\":327.1999999999998,\"r\":37}","Direction":""}}
2019/05/20 16:24:05 [release] {"61":{"Uid":61,"Username":"用户61","Rid":0,"Token":"","Gid":0,"Action":"","Position":"{\"x\":327.1999999999998,\"r\":37}","Direction":""}}
2019/05/20 16:24:06 [release] {"61":{"Uid":61,"Username":"用户61","Rid":0,"Token":"","Gid":0,"Action":"","Position":"{\"x\":327.1999999999998,\"r\":37}","Direction":""}}
2019/05/20 16:24:07 [release] {"61":{"Uid":61,"Username":"用户61","Rid":0,"Token":"","Gid":0,"Action":"","Position":"{\"x\":327.1999999999998,\"r\":37}","Direction":""}}
2019/05/20 16:24:08 [release] {"61":{"Uid":61,"Username":"用户61","Rid":0,"Token":"","Gid":0,"Action":"","Position":"{\"x\":327.1999999999998,\"r\":37}","Direction":""}}
2019/05/20 16:24:09 [release] {"61":{"Uid":61,"Username":"用户61","Rid":0,"Token":"","Gid":0,"Action":"","Position":"{\"x\":327.1999999999998,\"r\":37}","Direction":""}}
2019/05/20 16:24:10 [release] {"61":{"Uid":61,"Username":"用户61","Rid":0,"Token":"","Gid":0,"Action":"","Position":"{\"x\":327.1999999999998,\"r\":37}","Direction":""}}
2019/05/20 16:24:11 [release] {"61":{"Uid":61,"Username":"用户61","Rid":0,"Token":"","Gid":0,"Action":"","Position":"{\"x\":327.1999999999998,\"r\":37}","Direction":""}}
2019/05/20 16:24:12 [release] {"61":{"Uid":61,"Username":"用户61","Rid":0,"Token":"","Gid":0,"Action":"","Position":"{\"x\":327.1999999999998,\"r\":37}","Direction":""}}
2019/05/20 16:24:13 [release] {"61":{"Uid":61,"Username":"用户61","Rid":0,"Token":"","Gid":0,"Action":"","Position":"{\"x\":327.1999999999998,\"r\":37}","Direction":""}}
2019/05/20 16:24:14 [release] {"61":{"Uid":61,"Username":"用户61","Rid":0,"Token":"","Gid":0,"Action":"","Position":"{\"x\":327.1999999999998,\"r\":37}","Direction":""}}
2019/05/20 16:24:15 [release] {"61":{"Uid":61,"Username":"用户61","Rid":0,"Token":"","Gid":0,"Action":"","Position":"{\"x\":327.1999999999998,\"r\":37}","Direction":""}}
2019/05/20 16:24:16 [release] {"61":{"Uid":61,"Username":"用户61","Rid":0,"Token":"","Gid":0,"Action":"","Position":"{\"x\":327.1999999999998,\"r\":37}","Direction":""}}
2019/05/20 16:24:17 [release] {"61":{"Uid":61,"Username":"用户61","Rid":0,"Token":"","Gid":0,"Action":"","Position":"{\"x\":327.1999999999998,\"r\":37}","Direction":""}}
2019/05/20 16:24:18 [release] {"61":{"Uid":61,"Username":"用户61","Rid":0,"Token":"","Gid":0,"Action":"","Position":"{\"x\":327.1999999999998,\"r\":37}","Direction":""}}
2019/05/20 16:24:19 [release] {"61":{"Uid":61,"Username":"用户61","Rid":0,"Token":"","Gid":0,"Action":"","Position":"{\"x\":327.1999999999998,\"r\":37}","Direction":""}}
2019/05/20 16:24:20 [release] {"61":{"Uid":61,"Username":"用户61","Rid":0,"Token":"","Gid":0,"Action":"","Position":"{\"x\":327.1999999999998,\"r\":37}","Direction":""}}
2019/05/20 16:24:21 [release] {"61":{"Uid":61,"Username":"用户61","Rid":0,"Token":"","Gid":0,"Action":"","Position":"{\"x\":327.1999999999998,\"r\":37}","Direction":""}}
2019/05/20 16:24:22 [release] {"61":{"Uid":61,"Username":"用户61","Rid":0,"Token":"","Gid":0,"Action":"","Position":"{\"x\":327.1999999999998,\"r\":37}","Direction":""}}
2019/05/20 16:24:23 [release] {"61":{"Uid":61,"Username":"用户61","Rid":0,"Token":"","Gid":0,"Action":"","Position":"{\"x\":327.1999999999998,\"r\":37}","Direction":""}}
2019/05/20 16:24:24 [release] {"61":{"Uid":61,"Username":"用户61","Rid":0,"Token":"","Gid":0,"Action":"","Position":"{\"x\":327.1999999999998,\"r\":37}","Direction":""}}
2019/05/20 16:24:25 [release] {"61":{"Uid":61,"Username":"用户61","Rid":0,"Token":"","Gid":0,"Action":"","Position":"{\"x\":327.1999999999998,\"r\":37}","Direction":""}}
2019/05/20 16:24:26 [release] {"61":{"Uid":61,"Username":"用户61","Rid":0,"Token":"","Gid":0,"Action":"","Position":"{\"x\":327.1999999999998,\"r\":37}","Direction":""}}
2019/05/20 16:24:27 [release] {"61":{"Uid":61,"Username":"用户61","Rid":0,"Token":"","Gid":0,"Action":"","Position":"{\"x\":327.1999999999998,\"r\":37}","Direction":""}}
2019/05/20 16:24:28 [release] {"61":{"Uid":61,"Username":"用户61","Rid":0,"Token":"","Gid":0,"Action":"","Position":"{\"x\":327.1999999999998,\"r\":37}","Direction":""}}
2019/05/20 16:24:29 [release] {"61":{"Uid":61,"Username":"用户61","Rid":0,"Token":"","Gid":0,"Action":"","Position":"{\"x\":327.1999999999998,\"r\":37}","Direction":""}}
2019/05/20 16:24:30 [release] {"61":{"Uid":61,"Username":"用户61","Rid":0,"Token":"","Gid":0,"Action":"","Position":"{\"x\":327.1999999999998,\"r\":37}","Direction":""}}
2019/05/20 16:24:31 [release] {"61":{"Uid":61,"Username":"用户61","Rid":0,"Token":"","Gid":0,"Action":"","Position":"{\"x\":327.1999999999998,\"r\":37}","Direction":""}}
2019/05/20 16:24:32 [release] {"61":{"Uid":61,"Username":"用户61","Rid":0,"Token":"","Gid":0,"Action":"","Position":"{\"x\":327.1999999999998,\"r\":37}","Direction":""}}
2019/05/20 16:24:33 [release] {"61":{"Uid":61,"Username":"用户61","Rid":0,"Token":"","Gid":0,"Action":"","Position":"{\"x\":327.1999999999998,\"r\":37}","Direction":""}}
2019/05/20 16:24:34 [release] {"61":{"Uid":61,"Username":"用户61","Rid":0,"Token":"","Gid":0,"Action":"","Position":"{\"x\":327.1999999999998,\"r\":37}","Direction":""}}
2019/05/20 16:24:35 [release] {"61":{"Uid":61,"Username":"用户61","Rid":0,"Token":"","Gid":0,"Action":"","Position":"{\"x\":327.1999999999998,\"r\":37}","Direction":""}}
2019/05/20 16:24:36 [release] {"61":{"Uid":61,"Username":"用户61","Rid":0,"Token":"","Gid":0,"Action":"","Position":"{\"x\":327.1999999999998,\"r\":37}","Direction":""}}
2019/05/20 16:24:37 [release] {"61":{"Uid":61,"Username":"用户61","Rid":0,"Token":"","Gid":0,"Action":"","Position":"{\"x\":327.1999999999998,\"r\":37}","Direction":""}}
2019/05/20 16:24:38 [release] {"61":{"Uid":61,"Username":"用户61","Rid":0,"Token":"","Gid":0,"Action":"","Position":"{\"x\":327.1999999999998,\"r\":37}","Direction":""}}
2019/05/20 16:24:39 [release] {"61":{"Uid":61,"Username":"用户61","Rid":0,"Token":"","Gid":0,"Action":"","Position":"{\"x\":327.1999999999998,\"r\":37}","Direction":""}}
2019/05/20 16:24:40 [release] {"61":{"Uid":61,"Username":"用户61","Rid":0,"Token":"","Gid":0,"Action":"","Position":"{\"x\":327.1999999999998,\"r\":37}","Direction":""}}
2019/05/20 16:24:41 [release] {"61":{"Uid":61,"Username":"用户61","Rid":0,"Token":"","Gid":0,"Action":"","Position":"{\"x\":327.1999999999998,\"r\":37}","Direction":""}}
2019/05/20 16:24:42 [release] {"61":{"Uid":61,"Username":"用户61","Rid":0,"Token":"","Gid":0,"Action":"","Position":"{\"x\":327.1999999999998,\"r\":37}","Direction":""}}
2019/05/20 16:24:43 [release] {"61":{"Uid":61,"Username":"用户61","Rid":0,"Token":"","Gid":0,"Action":"","Position":"{\"x\":327.1999999999998,\"r\":37}","Direction":""}}
2019/05/20 16:24:44 [release] {"61":{"Uid":61,"Username":"用户61","Rid":0,"Token":"","Gid":0,"Action":"","Position":"{\"x\":327.1999999999998,\"r\":37}","Direction":""}}
2019/05/20 16:24:45 [release] {"61":{"Uid":61,"Username":"用户61","Rid":0,"Token":"","Gid":0,"Action":"","Position":"{\"x\":327.1999999999998,\"r\":37}","Direction":""}}
2019/05/20 16:24:46 [release] {"61":{"Uid":61,"Username":"用户61","Rid":0,"Token":"","Gid":0,"Action":"","Position":"{\"x\":327.1999999999998,\"r\":37}","Direction":""}}
2019/05/20 16:24:47 [release] {"61":{"Uid":61,"Username":"用户61","Rid":0,"Token":"","Gid":0,"Action":"","Position":"{\"x\":327.1999999999998,\"r\":37}","Direction":""}}
2019/05/20 16:24:48 [release] {"61":{"Uid":61,"Username":"用户61","Rid":0,"Token":"","Gid":0,"Action":"","Position":"{\"x\":327.1999999999998,\"r\":37}","Direction":""}}
2019/05/20 16:24:49 [release] {"61":{"Uid":61,"Username":"用户61","Rid":0,"Token":"","Gid":0,"Action":"","Position":"{\"x\":327.1999999999998,\"r\":37}","Direction":""}}
2019/05/20 16:24:50 [release] {"61":{"Uid":61,"Username":"用户61","Rid":0,"Token":"","Gid":0,"Action":"","Position":"{\"x\":327.1999999999998,\"r\":37}","Direction":""}}
2019/05/20 16:24:51 [release] {"61":{"Uid":61,"Username":"用户61","Rid":0,"Token":"","Gid":0,"Action":"","Position":"{\"x\":327.1999999999998,\"r\":37}","Direction":""}}
2019/05/20 16:24:52 [release] {"61":{"Uid":61,"Username":"用户61","Rid":0,"Token":"","Gid":0,"Action":"","Position":"{\"x\":327.1999999999998,\"r\":37}","Direction":""}}
2019/05/20 16:24:53 [release] {"61":{"Uid":61,"Username":"用户61","Rid":0,"Token":"","Gid":0,"Action":"","Position":"{\"x\":327.1999999999998,\"r\":37}","Direction":""}}
2019/05/20 16:24:54 [release] {"61":{"Uid":61,"Username":"用户61","Rid":0,"Token":"","Gid":0,"Action":"","Position":"{\"x\":327.1999999999998,\"r\":37}","Direction":""}}
2019/05/20 16:24:55 [release] {"61":{"Uid":61,"Username":"用户61","Rid":0,"Token":"","Gid":0,"Action":"","Position":"{\"x\":327.1999999999998,\"r\":37}","Direction":""}}
2019/05/20 16:24:56 [release] {"61":{"Uid":61,"Username":"用户61","Rid":0,"Token":"","Gid":0,"Action":"","Position":"{\"x\":327.1999999999998,\"r\":37}","Direction":""}}
2019/05/20 16:24:57 [release] {"61":{"Uid":61,"Username":"用户61","Rid":0,"Token":"","Gid":0,"Action":"","Position":"{\"x\":327.1999999999998,\"r\":37}","Direction":""}}
2019/05/20 16:24:58 [release] {"61":{"Uid":61,"Username":"用户61","Rid":0,"Token":"","Gid":0,"Action":"","Position":"{\"x\":327.1999999999998,\"r\":37}","Direction":""}}
2019/05/20 16:24:59 [release] {"61":{"Uid":61,"Username":"用户61","Rid":0,"Token":"","Gid":0,"Action":"","Position":"{\"x\":327.1999999999998,\"r\":37}","Direction":""}}
2019/05/20 16:25:00 [release] {"61":{"Uid":61,"Username":"用户61","Rid":0,"Token":"","Gid":0,"Action":"","Position":"{\"x\":327.1999999999998,\"r\":37}","Direction":""}}
2019/05/20 16:25:01 [release] {"61":{"Uid":61,"Username":"用户61","Rid":0,"Token":"","Gid":0,"Action":"","Position":"{\"x\":327.1999999999998,\"r\":37}","Direction":""}}
2019/05/20 16:25:02 [release] {"61":{"Uid":61,"Username":"用户61","Rid":0,"Token":"","Gid":0,"Action":"","Position":"{\"x\":327.1999999999998,\"r\":37}","Direction":""}}
2019/05/20 16:25:03 [release] {"61":{"Uid":61,"Username":"用户61","Rid":0,"Token":"","Gid":0,"Action":"","Position":"{\"x\":327.1999999999998,\"r\":37}","Direction":""}}
2019/05/20 16:25:04 [debug  ] read message: websocket: close 1001 (going away)
2019/05/20 16:25:06 [debug  ] login uid 19
2019/05/20 16:25:06 [debug  ] login gid 0
2019/05/20 16:25:06 [debug  ] rpcJoinGroup &{0xc00038f8a0 0xc000124120 <nil>}
2019/05/20 16:25:06 [debug  ] gamerpcNewAgent map[19:0xc00039eb70]
